<?xml version="1.0" encoding="UTF-8"?>
<testng-results skipped="0" failed="2" ignored="0" total="8" passed="6">
  <reporter-output>
  </reporter-output>
  <suite name="Suite" duration-ms="0" started-at="2018-09-24T09:35:56Z" finished-at="2018-09-24T09:35:56Z">
    <groups>
    </groups>
  </suite> <!-- Suite -->
  <suite name="Suite (1)" duration-ms="10" started-at="2018-09-24T09:35:56Z" finished-at="2018-09-24T09:35:56Z">
    <groups>
    </groups>
    <test name="FirstTest" duration-ms="10" started-at="2018-09-24T09:35:56Z" finished-at="2018-09-24T09:35:56Z">
      <class name="com.leadgain.Test1">
        <test-method status="PASS" signature="testNewT()[pri:0, instance:com.leadgain.Test1@55ca8de8]" name="testNewT" duration-ms="1" started-at="2018-09-24T09:35:56Z" finished-at="2018-09-24T09:35:56Z">
          <reporter-output>
          </reporter-output>
        </test-method> <!-- testNewT -->
        <test-method status="PASS" signature="testOldT()[pri:0, instance:com.leadgain.Test1@55ca8de8]" name="testOldT" duration-ms="2" started-at="2018-09-24T09:35:56Z" finished-at="2018-09-24T09:35:56Z">
          <reporter-output>
          </reporter-output>
        </test-method> <!-- testOldT -->
      </class> <!-- com.leadgain.Test1 -->
      <class name="com.leadgain1.test2">
        <test-method status="PASS" signature="testNew()[pri:0, instance:com.leadgain1.test2@2c34f934]" name="testNew" duration-ms="1" started-at="2018-09-24T09:35:56Z" finished-at="2018-09-24T09:35:56Z">
          <reporter-output>
          </reporter-output>
        </test-method> <!-- testNew -->
        <test-method status="PASS" signature="testOld()[pri:0, instance:com.leadgain1.test2@2c34f934]" name="testOld" duration-ms="3" started-at="2018-09-24T09:35:56Z" finished-at="2018-09-24T09:35:56Z">
          <reporter-output>
          </reporter-output>
        </test-method> <!-- testOld -->
      </class> <!-- com.leadgain1.test2 -->
    </test> <!-- FirstTest -->
  </suite> <!-- Suite (1) -->
  <suite name="Suite (0)" duration-ms="55" started-at="2018-09-24T09:35:56Z" finished-at="2018-09-24T09:35:56Z">
    <groups>
    </groups>
    <test name="FirstTest" duration-ms="55" started-at="2018-09-24T09:35:56Z" finished-at="2018-09-24T09:35:56Z">
      <class name="com.leadgain.ExitIntentSeleniumTest">
        <test-method status="PASS" signature="setup()[pri:0, instance:com.leadgain.ExitIntentSeleniumTest@36f0f1be]" name="setup" is-config="true" duration-ms="10" started-at="2018-09-24T09:35:56Z" finished-at="2018-09-24T09:35:56Z">
          <reporter-output>
          </reporter-output>
        </test-method> <!-- setup -->
        <test-method status="PASS" signature="setup()[pri:0, instance:com.leadgain.ExitIntentSeleniumTest@36f0f1be]" name="setup" is-config="true" duration-ms="9" started-at="2018-09-24T09:35:56Z" finished-at="2018-09-24T09:35:56Z">
          <reporter-output>
          </reporter-output>
        </test-method> <!-- setup -->
        <test-method status="PASS" signature="leadGainRegister()[pri:0, instance:com.leadgain.ExitIntentSeleniumTest@36f0f1be]" name="leadGainRegister" duration-ms="6" started-at="2018-09-24T09:35:56Z" finished-at="2018-09-24T09:35:56Z">
          <reporter-output>
          </reporter-output>
        </test-method> <!-- leadGainRegister -->
        <test-method status="FAIL" signature="leadGainLogin()[pri:0, instance:com.leadgain.ExitIntentSeleniumTest@36f0f1be]" name="leadGainLogin" duration-ms="3" started-at="2018-09-24T09:35:56Z" finished-at="2018-09-24T09:35:56Z">
          <exception class="java.lang.AssertionError">
            <full-stacktrace>
              <![CDATA[java.lang.AssertionError: 
at org.testng.AssertJUnit.fail(AssertJUnit.java:59)
at org.testng.AssertJUnit.assertTrue(AssertJUnit.java:24)
at org.testng.AssertJUnit.assertTrue(AssertJUnit.java:33)
at com.leadgain.ExitIntentSeleniumTest.leadGainLogin(ExitIntentSeleniumTest.java:219)
at sun.reflect.NativeMethodAccessorImpl.invoke0(Native Method)
at sun.reflect.NativeMethodAccessorImpl.invoke(NativeMethodAccessorImpl.java:62)
at sun.reflect.DelegatingMethodAccessorImpl.invoke(DelegatingMethodAccessorImpl.java:43)
at java.lang.reflect.Method.invoke(Method.java:498)
at org.testng.internal.MethodInvocationHelper.invokeMethod(MethodInvocationHelper.java:124)
at org.testng.internal.Invoker.invokeMethod(Invoker.java:580)
at org.testng.internal.Invoker.invokeTestMethod(Invoker.java:716)
at org.testng.internal.Invoker.invokeTestMethods(Invoker.java:988)
at org.testng.internal.TestMethodWorker.invokeTestMethods(TestMethodWorker.java:125)
at org.testng.internal.TestMethodWorker.run(TestMethodWorker.java:109)
at java.util.concurrent.ThreadPoolExecutor.runWorker(ThreadPoolExecutor.java:1149)
at java.util.concurrent.ThreadPoolExecutor$Worker.run(ThreadPoolExecutor.java:624)
at java.lang.Thread.run(Thread.java:748)
]]>
            </full-stacktrace>
          </exception> <!-- java.lang.AssertionError -->
          <reporter-output>
          </reporter-output>
        </test-method> <!-- leadGainLogin -->
      </class> <!-- com.leadgain.ExitIntentSeleniumTest -->
      <class name="com.leadgain1.ForgetPassword">
        <test-method status="PASS" signature="leadGainForget()[pri:0, instance:com.leadgain1.ForgetPassword@667a738]" name="leadGainForget" duration-ms="18" started-at="2018-09-24T09:35:56Z" finished-at="2018-09-24T09:35:56Z">
          <reporter-output>
          </reporter-output>
        </test-method> <!-- leadGainForget -->
        <test-method status="FAIL" signature="leadGainLogin()[pri:0, instance:com.leadgain1.ForgetPassword@667a738]" name="leadGainLogin" duration-ms="12" started-at="2018-09-24T09:35:56Z" finished-at="2018-09-24T09:35:56Z">
          <exception class="java.lang.AssertionError">
            <full-stacktrace>
              <![CDATA[java.lang.AssertionError: 
at org.testng.AssertJUnit.fail(AssertJUnit.java:59)
at org.testng.AssertJUnit.assertTrue(AssertJUnit.java:24)
at org.testng.AssertJUnit.assertTrue(AssertJUnit.java:33)
at com.leadgain1.ForgetPassword.leadGainLogin(ForgetPassword.java:49)
at sun.reflect.NativeMethodAccessorImpl.invoke0(Native Method)
at sun.reflect.NativeMethodAccessorImpl.invoke(NativeMethodAccessorImpl.java:62)
at sun.reflect.DelegatingMethodAccessorImpl.invoke(DelegatingMethodAccessorImpl.java:43)
at java.lang.reflect.Method.invoke(Method.java:498)
at org.testng.internal.MethodInvocationHelper.invokeMethod(MethodInvocationHelper.java:124)
at org.testng.internal.Invoker.invokeMethod(Invoker.java:580)
at org.testng.internal.Invoker.invokeTestMethod(Invoker.java:716)
at org.testng.internal.Invoker.invokeTestMethods(Invoker.java:988)
at org.testng.internal.TestMethodWorker.invokeTestMethods(TestMethodWorker.java:125)
at org.testng.internal.TestMethodWorker.run(TestMethodWorker.java:109)
at java.util.concurrent.ThreadPoolExecutor.runWorker(ThreadPoolExecutor.java:1149)
at java.util.concurrent.ThreadPoolExecutor$Worker.run(ThreadPoolExecutor.java:624)
at java.lang.Thread.run(Thread.java:748)
]]>
            </full-stacktrace>
          </exception> <!-- java.lang.AssertionError -->
          <reporter-output>
          </reporter-output>
        </test-method> <!-- leadGainLogin -->
      </class> <!-- com.leadgain1.ForgetPassword -->
    </test> <!-- FirstTest -->
  </suite> <!-- Suite (0) -->
</testng-results>
